дек. 15, 2022 7:48:48 PM com.company.WriteLog main
INFO: New Year's Day Fri Jan 01 00:00:00 MSK 2021
дек. 15, 2022 7:48:48 PM com.company.WriteLog main
INFO: Martin Luther King Jr. Day Mon Jan 18 00:00:00 MSK 2021
дек. 15, 2022 7:48:48 PM com.company.WriteLog main
INFO: Inauguration Day (<span title="District of Columbia">DC</span>, <span title="Maryland: partly">MD*</span>, <span title="Virginia: partly">VA*</span>) Wed Jan 20 00:00:00 MSK 2021
дек. 15, 2022 7:48:48 PM com.company.WriteLog main
INFO: Presidents' Day Mon Feb 15 00:00:00 MSK 2021
дек. 15, 2022 7:48:48 PM com.company.WriteLog main
INFO: Memorial Day Mon May 31 00:00:00 MSK 2021
дек. 15, 2022 7:48:48 PM com.company.WriteLog main
INFO: 'Juneteenth' day off Fri Jun 18 00:00:00 MSK 2021
дек. 15, 2022 7:48:48 PM com.company.WriteLog main
INFO: 'Independence Day' day off Mon Jul 05 00:00:00 MSK 2021
дек. 15, 2022 7:48:48 PM com.company.WriteLog main
INFO: Labor Day Mon Sep 06 00:00:00 MSK 2021
дек. 15, 2022 7:48:48 PM com.company.WriteLog main
INFO: Columbus Day Mon Oct 11 00:00:00 MSK 2021
дек. 15, 2022 7:48:48 PM com.company.WriteLog main
INFO: Veterans Day Thu Nov 11 00:00:00 MSK 2021
дек. 15, 2022 7:48:48 PM com.company.WriteLog main
INFO: Thanksgiving Day Thu Nov 25 00:00:00 MSK 2021
дек. 15, 2022 7:48:48 PM com.company.WriteLog main
INFO: 'Christmas Day' day off Fri Dec 24 00:00:00 MSK 2021
дек. 15, 2022 7:48:48 PM com.company.WriteLog main
INFO: 'New Year's Day' day off Fri Dec 31 00:00:00 MSK 2021
